<?xml version="1.0" encoding="UTF-8"?>
<!-- Generated by org.testng.reporters.JUnitReportReporter -->
<testsuite skipped="0" hostname="kittypie" name="udemy.SeleniumTest" tests="2" failures="0" timestamp="2021-04-20T16:54:48 EDT" time="0.004" errors="0">
  <testcase name="elementsUI" time="0.000" classname="udemy.SeleniumTest"/>
  <system-out/>
  <testcase name="Browserautomation" time="0.004" classname="udemy.SeleniumTest"/>
  <system-out/>
</testsuite> <!-- udemy.SeleniumTest -->
