<?xml version="1.0" encoding="UTF-8"?>
<!-- Generated by org.testng.reporters.JUnitReportReporter -->
<testsuite skipped="0" hostname="kittypie" name="udemy.AppiumTest" tests="2" failures="0" timestamp="2021-04-20T16:54:30 EDT" time="0.000" errors="0">
  <testcase name="NativeAndroid" time="0.000" classname="udemy.AppiumTest"/>
  <system-out/>
  <testcase name="iosapp" time="0.000" classname="udemy.AppiumTest"/>
  <system-out/>
</testsuite> <!-- udemy.AppiumTest -->
