<?xml version="1.0" encoding="UTF-8"?>
<!-- Generated by org.testng.reporters.JUnitReportReporter -->
<testsuite skipped="0" hostname="kittypie" name="udemy.RestAPITest" tests="2" failures="0" timestamp="2021-04-20T16:54:48 EDT" time="0.001" errors="0">
  <testcase name="deletetwitter" time="0.000" classname="udemy.RestAPITest"/>
  <system-out/>
  <testcase name="postjira" time="0.001" classname="udemy.RestAPITest"/>
  <system-out/>
</testsuite> <!-- udemy.RestAPITest -->
